<?xml version="1.0" encoding="UTF-8"?>
<!-- Generated by org.testng.reporters.JUnitReportReporter -->
<testsuite hostname="SumedhKrishna" failures="0" tests="1" name="reports.ExtentReportManager" time="0.053" errors="0" timestamp="2024-03-12T10:08:15 EDT" skipped="0">
  <testcase classname="reports.ExtentReportManager" name="getReportNameTimeStamp" time="0.053"/>
  <system-out/>
</testsuite> <!-- reports.ExtentReportManager -->
