<?xml version="1.0" encoding="UTF-8"?>
<!-- Generated by org.testng.reporters.JUnitReportReporter -->
<testsuite hostname="SumedhKrishna" failures="0" tests="1" name="javersDemo.JaversTest" time="0.332" errors="0" timestamp="2024-03-13T11:43:26 EDT" skipped="0">
  <testcase classname="javersDemo.JaversTest" name="test" time="0.332"/>
  <system-out/>
</testsuite> <!-- javersDemo.JaversTest -->
