<?xml version="1.0" encoding="UTF-8"?>
<!-- Generated by org.testng.reporters.JUnitReportReporter -->
<testsuite hostname="SumedhKrishna" failures="0" tests="1" name="pojos.TestPojo" time="0.014" errors="0" timestamp="2024-03-13T11:01:37 EDT" skipped="0">
  <testcase classname="pojos.TestPojo" name="validatePojo" time="0.014"/>
  <system-out/>
</testsuite> <!-- pojos.TestPojo -->
