<?xml version="1.0" encoding="UTF-8"?>
<!-- Generated by org.testng.reporters.JUnitReportReporter -->
<testsuite hostname="SumedhKrishna" failures="0" tests="1" name="mockServer.MockServerImpln" time="2.532" errors="0" timestamp="2024-02-24T20:24:03 EST" skipped="0">
  <testcase classname="mockServer.MockServerImpln" name="test2" time="2.532"/>
  <system-out/>
</testsuite> <!-- mockServer.MockServerImpln -->
