<?xml version="1.0" encoding="UTF-8"?>
<!-- Generated by org.testng.reporters.JUnitReportReporter -->
<testsuite hostname="SumedhKrishna" failures="0" tests="1" name="utility.ExcelUtil" time="0.729" errors="0" timestamp="2024-03-13T17:05:17 EDT" skipped="0">
  <testcase classname="utility.ExcelUtil" name="readdata" time="0.729"/>
  <system-out/>
</testsuite> <!-- utility.ExcelUtil -->
