<?xml version="1.0" encoding="UTF-8"?>
<!-- Generated by org.testng.reporters.JUnitReportReporter -->
<testsuite hostname="SumedhKrishna" failures="0" tests="1" name="poijiLibraryDemo.PoijiTest" time="0.700" errors="0" timestamp="2024-03-18T21:35:03 EDT" skipped="0">
  <testcase classname="poijiLibraryDemo.PoijiTest" name="poijiTest" time="0.700"/>
  <system-out/>
</testsuite> <!-- poijiLibraryDemo.PoijiTest -->
