<?xml version="1.0" encoding="UTF-8"?>
<!-- Generated by org.testng.reporters.JUnitReportReporter -->
<testsuite hostname="SumedhKrishna" failures="0" tests="1" name="poijiLibraryDemo.PoijiTest" time="0.567" errors="0" timestamp="2024-03-14T09:41:37 EDT" skipped="0">
  <testcase classname="poijiLibraryDemo.PoijiTest" name="poijiTest" time="0.567"/>
  <system-out/>
</testsuite> <!-- poijiLibraryDemo.PoijiTest -->
