<?xml version="1.0" encoding="UTF-8"?>
<!-- Generated by org.testng.reporters.JUnitReportReporter -->
<testsuite hostname="SumedhKrishna" failures="0" tests="1" name="gitApiTests.GetSortedProdectListTC05" time="1.534" errors="0" timestamp="2024-03-15T15:17:05 EDT" skipped="0">
  <testcase classname="gitApiTests.GetSortedProdectListTC05" name="validateGetSortedProdectList" time="1.534"/>
  <system-out/>
</testsuite> <!-- gitApiTests.GetSortedProdectListTC05 -->
