<?xml version="1.0" encoding="UTF-8"?>
<!-- Generated by org.testng.reporters.JUnitReportReporter -->
<testsuite hostname="SumedhKrishna" failures="0" tests="1" name="gitApiTests.GetSingleCartTC11" time="2.017" errors="0" timestamp="2024-03-19T11:41:12 EDT" skipped="0">
  <testcase classname="gitApiTests.GetSingleCartTC11" name="validateGetSingleCart" time="2.017"/>
  <system-out/>
</testsuite> <!-- gitApiTests.GetSingleCartTC11 -->
