<?xml version="1.0" encoding="UTF-8"?>
<!-- Generated by org.testng.reporters.JUnitReportReporter -->
<testsuite hostname="SumedhKrishna" failures="0" tests="4" name="gitApiTests.AddNewCartTC16" time="2.272" errors="0" timestamp="2024-03-19T11:12:04 EDT" skipped="0">
  <testcase classname="gitApiTests.AddNewCartTC16" name="validateAddNewCart" time="0.564"/>
  <system-out/>
  <testcase classname="gitApiTests.AddNewCartTC16" name="validateAddNewCart" time="0.569"/>
  <system-out/>
  <testcase classname="gitApiTests.AddNewCartTC16" name="validateAddNewCart" time="0.572"/>
  <system-out/>
  <testcase classname="gitApiTests.AddNewCartTC16" name="validateAddNewCart" time="0.567"/>
  <system-out/>
</testsuite> <!-- gitApiTests.AddNewCartTC16 -->
