<?xml version="1.0" encoding="UTF-8"?>
<!-- Generated by org.testng.reporters.JUnitReportReporter -->
<testsuite hostname="SumedhKrishna" failures="0" tests="1" name="gitApiTests.GetSortedProdectList" time="2.102" errors="0" timestamp="2024-03-15T09:54:27 EDT" skipped="0">
  <testcase classname="gitApiTests.GetSortedProdectList" name="validateGetSortedProdectList" time="2.102"/>
  <system-out/>
</testsuite> <!-- gitApiTests.GetSortedProdectList -->
