<?xml version="1.0" encoding="UTF-8"?>
<!-- Generated by org.testng.reporters.JUnitReportReporter -->
<testsuite hostname="SumedhKrishna" failures="0" tests="1" name="gitApiTests.GetInCategoryTC07" time="0.701" errors="0" timestamp="2024-03-15T15:17:05 EDT" skipped="0">
  <testcase classname="gitApiTests.GetInCategoryTC07" name="validateGetInCategoryTC07" time="0.701"/>
  <system-out/>
</testsuite> <!-- gitApiTests.GetInCategoryTC07 -->
