<?xml version="1.0" encoding="UTF-8"?>
<!-- Generated by org.testng.reporters.JUnitReportReporter -->
<testsuite hostname="SumedhKrishna" failures="0" tests="1" name="gitApiTests.GetProductDetailsTest02" time="1.380" errors="0" timestamp="2024-03-14T14:09:45 EDT" skipped="0">
  <testcase classname="gitApiTests.GetProductDetailsTest02" name="validateGetProductDetails" time="1.380"/>
  <system-out/>
</testsuite> <!-- gitApiTests.GetProductDetailsTest02 -->
