<?xml version="1.0" encoding="UTF-8"?>
<!-- Generated by org.testng.reporters.JUnitReportReporter -->
<testsuite hostname="SumedhKrishna" failures="0" tests="1" name="gitApiTests.GetAllCartTC10" time="3.303" errors="0" timestamp="2024-03-19T11:12:04 EDT" skipped="0">
  <testcase classname="gitApiTests.GetAllCartTC10" name="vaidateGetAllCart" time="3.303"/>
  <system-out/>
</testsuite> <!-- gitApiTests.GetAllCartTC10 -->
