<?xml version="1.0" encoding="UTF-8"?>
<!-- Generated by org.testng.reporters.JUnitReportReporter -->
<testsuite hostname="SumedhKrishna" failures="0" tests="1" name="gitApiTests.Get5ProductsTest04" time="1.463" errors="0" timestamp="2024-03-15T15:17:05 EDT" skipped="0">
  <testcase classname="gitApiTests.Get5ProductsTest04" name="validateGet5Products" time="1.463"/>
  <system-out/>
</testsuite> <!-- gitApiTests.Get5ProductsTest04 -->
