<?xml version="1.0" encoding="UTF-8"?>
<!-- Generated by org.testng.reporters.JUnitReportReporter -->
<testsuite hostname="SumedhKrishna" failures="0" tests="1" name="gitApiTests.GetAllCartTC10" time="2.797" errors="0" timestamp="2024-03-18T09:58:59 EDT" skipped="0">
  <testcase classname="gitApiTests.GetAllCartTC10" name="vaidateGetAllCart" time="2.797"/>
  <system-out/>
</testsuite> <!-- gitApiTests.GetAllCartTC10 -->
