<?xml version="1.0" encoding="UTF-8"?>
<!-- Generated by org.testng.reporters.JUnitReportReporter -->
<testsuite hostname="SumedhKrishna" failures="0" tests="1" name="gitApiTests.UpdateProductTC08" time="1.081" errors="0" timestamp="2024-03-15T15:17:05 EDT" skipped="0">
  <testcase classname="gitApiTests.UpdateProductTC08" name="validateUpdateProductTC" time="1.081"/>
  <system-out/>
</testsuite> <!-- gitApiTests.UpdateProductTC08 -->
