<?xml version="1.0" encoding="UTF-8"?>
<!-- Generated by org.testng.reporters.JUnitReportReporter -->
<testsuite hostname="SumedhKrishna" failures="0" tests="1" name="gitApiTests.GetAllCategoryTC06" time="2.018" errors="0" timestamp="2024-03-15T15:17:05 EDT" skipped="0">
  <testcase classname="gitApiTests.GetAllCategoryTC06" name="validateGetAllCategory" time="2.018"/>
  <system-out/>
</testsuite> <!-- gitApiTests.GetAllCategoryTC06 -->
