<?xml version="1.0" encoding="UTF-8"?>
<!-- Generated by org.testng.reporters.JUnitReportReporter -->
<testsuite hostname="SumedhKrishna" failures="0" tests="4" name="gitApiTests.AddNewCartTC16" time="2.288" errors="0" timestamp="2024-03-19T11:41:12 EDT" skipped="0">
  <testcase classname="gitApiTests.AddNewCartTC16" name="validateAddNewCart" time="0.596"/>
  <system-out/>
  <testcase classname="gitApiTests.AddNewCartTC16" name="validateAddNewCart" time="0.567"/>
  <system-out/>
  <testcase classname="gitApiTests.AddNewCartTC16" name="validateAddNewCart" time="0.550"/>
  <system-out/>
  <testcase classname="gitApiTests.AddNewCartTC16" name="validateAddNewCart" time="0.575"/>
  <system-out/>
</testsuite> <!-- gitApiTests.AddNewCartTC16 -->
