<?xml version="1.0" encoding="UTF-8"?>
<!-- Generated by org.testng.reporters.JUnitReportReporter -->
<testsuite hostname="SumedhKrishna" failures="0" tests="4" name="gitApiTests.AddProductTest03" time="2.350" errors="0" timestamp="2024-03-15T15:17:05 EDT" skipped="0">
  <testcase classname="gitApiTests.AddProductTest03" name="validateAddProduct" time="0.588"/>
  <system-out/>
  <testcase classname="gitApiTests.AddProductTest03" name="validateAddProduct" time="0.587"/>
  <system-out/>
  <testcase classname="gitApiTests.AddProductTest03" name="validateAddProduct" time="0.588"/>
  <system-out/>
  <testcase classname="gitApiTests.AddProductTest03" name="validateAddProduct" time="0.587"/>
  <system-out/>
</testsuite> <!-- gitApiTests.AddProductTest03 -->
