<?xml version="1.0" encoding="UTF-8"?>
<!-- Generated by org.testng.reporters.JUnitReportReporter -->
<testsuite hostname="SumedhKrishna" failures="0" tests="1" name="gitApiTests.getProductDetailsTest02" time="1.529" errors="0" timestamp="2024-03-13T12:22:18 EDT" skipped="0">
  <testcase classname="gitApiTests.getProductDetailsTest02" name="validateGetProductDetails" time="1.529"/>
  <system-out/>
</testsuite> <!-- gitApiTests.getProductDetailsTest02 -->
