<?xml version="1.0" encoding="UTF-8"?>
<!-- Generated by org.testng.reporters.JUnitReportReporter -->
<testsuite hostname="SumedhKrishna" failures="0" tests="1" name="gitApiTests.GetSortedCartListTC13" time="2.017" errors="0" timestamp="2024-03-19T11:41:12 EDT" skipped="0">
  <testcase classname="gitApiTests.GetSortedCartListTC13" name="validateGetSortedCartList" time="2.017"/>
  <system-out/>
</testsuite> <!-- gitApiTests.GetSortedCartListTC13 -->
