<?xml version="1.0" encoding="UTF-8"?>
<!-- Generated by org.testng.reporters.JUnitReportReporter -->
<testsuite hostname="SumedhKrishna" failures="0" tests="1" name="gitApiTests.GetUserCartTC15" time="1.167" errors="0" timestamp="2024-03-19T11:41:12 EDT" skipped="0">
  <testcase classname="gitApiTests.GetUserCartTC15" name="validateGetUserCart" time="1.167"/>
  <system-out/>
</testsuite> <!-- gitApiTests.GetUserCartTC15 -->
