<?xml version="1.0" encoding="UTF-8"?>
<!-- Generated by org.testng.reporters.JUnitReportReporter -->
<testsuite hostname="SumedhKrishna" failures="0" tests="1" name="gitApiTests.GetCartListInDateRangeTC14" time="2.063" errors="0" timestamp="2024-03-19T11:41:12 EDT" skipped="0">
  <testcase classname="gitApiTests.GetCartListInDateRangeTC14" name="validateGetCartListInDateRange" time="2.063"/>
  <system-out/>
</testsuite> <!-- gitApiTests.GetCartListInDateRangeTC14 -->
