<?xml version="1.0" encoding="UTF-8"?>
<!-- Generated by org.testng.reporters.JUnitReportReporter -->
<testsuite hostname="SumedhKrishna" failures="0" tests="1" name="gitApiTests.GetSingleCartTC11" time="0.873" errors="0" timestamp="2024-03-18T09:58:59 EDT" skipped="0">
  <testcase classname="gitApiTests.GetSingleCartTC11" name="validateGetSingleCart" time="0.873"/>
  <system-out/>
</testsuite> <!-- gitApiTests.GetSingleCartTC11 -->
