<?xml version="1.0" encoding="UTF-8"?>
<!-- Generated by org.testng.reporters.JUnitReportReporter -->
<testsuite hostname="SumedhKrishna" failures="0" tests="1" name="gitApiTests.GetLimitCartTC12" time="1.605" errors="0" timestamp="2024-03-19T11:41:12 EDT" skipped="0">
  <testcase classname="gitApiTests.GetLimitCartTC12" name="validateGetLimitCart" time="1.605"/>
  <system-out/>
</testsuite> <!-- gitApiTests.GetLimitCartTC12 -->
