<?xml version="1.0" encoding="UTF-8"?>
<!-- Generated by org.testng.reporters.JUnitReportReporter -->
<testsuite hostname="SumedhKrishna" failures="0" tests="1" name="gitApiTests.getAllRepoTest01" time="1.148" errors="0" timestamp="2024-03-11T22:35:05 EDT" skipped="0">
  <testcase classname="gitApiTests.getAllRepoTest01" name="validateGetAllRepoFromGit" time="1.148"/>
  <system-out/>
</testsuite> <!-- gitApiTests.getAllRepoTest01 -->
