<?xml version="1.0" encoding="UTF-8"?>
<!-- Generated by org.testng.reporters.JUnitReportReporter -->
<testsuite hostname="SumedhKrishna" failures="0" tests="4" name="gitApiTests.AddProductTest03" time="3.682" errors="0" timestamp="2024-03-14T14:28:39 EDT" skipped="0">
  <testcase classname="gitApiTests.AddProductTest03" name="validateAddProduct2" time="0.920"/>
  <system-out/>
  <testcase classname="gitApiTests.AddProductTest03" name="validateAddProduct2" time="0.921"/>
  <system-out/>
  <testcase classname="gitApiTests.AddProductTest03" name="validateAddProduct2" time="0.920"/>
  <system-out/>
  <testcase classname="gitApiTests.AddProductTest03" name="validateAddProduct2" time="0.921"/>
  <system-out/>
</testsuite> <!-- gitApiTests.AddProductTest03 -->
