<?xml version="1.0" encoding="UTF-8"?>
<!-- Generated by org.testng.reporters.JUnitReportReporter -->
<testsuite hostname="SumedhKrishna" failures="0" tests="1" name="gitApiTests.DeleteProductTC09" time="0.828" errors="0" timestamp="2024-03-15T15:17:05 EDT" skipped="0">
  <testcase classname="gitApiTests.DeleteProductTC09" name="validateDeleteProduct" time="0.828"/>
  <system-out/>
</testsuite> <!-- gitApiTests.DeleteProductTC09 -->
